<?xml version="1.0" encoding="UTF-8"?>
<testsuite xmlns:xsi="http://www.w3.org/2001/XMLSchema-instance" xsi:noNamespaceSchemaLocation="https://maven.apache.org/surefire/maven-surefire-plugin/xsd/surefire-test-report-3.0.xsd" version="3.0" name="TestSuite" time="92.94" tests="11" errors="0" skipped="0" failures="0">
  <properties>
[...]
</properties>
  <testcase name="runScenario" classname="com.runner.RunnerClass" time="15.878"/>
  <testcase name="runScenario" classname="com.runner.RunnerClass" time="9.603"/>
  <testcase name="runScenario" classname="com.runner.RunnerClass" time="4.489"/>
  <testcase name="runScenario" classname="com.runner.RunnerClass" time="4.419"/>
  <testcase name="runScenario" classname="com.runner.RunnerClass" time="24.088"/>
  <testcase name="runScenario" classname="com.runner.RunnerClass" time="6.807"/>
  <testcase name="runScenario" classname="com.runner.RunnerClass" time="4.991"/>
  <testcase name="runScenario" classname="com.runner.RunnerClass" time="4.759"/>
  <testcase name="runScenario" classname="com.runner.RunnerClass" time="4.917"/>
  <testcase name="runScenario" classname="com.runner.RunnerClass" time="5.88"/>
  <testcase name="runScenario" classname="com.runner.RunnerClass" time="4.349"/>
</testsuite>