<?xml version="1.0" encoding="UTF-8"?>
<testng-results skipped="0" failed="0" ignored="0" total="1" passed="1">
  <reporter-output>
  </reporter-output>
  <suite name="Default suite" duration-ms="832" started-at="2022-11-27T08:23:10Z" finished-at="2022-11-27T08:23:10Z">
    <groups>
    </groups>
    <test name="Default test" duration-ms="832" started-at="2022-11-27T08:23:10Z" finished-at="2022-11-27T08:23:10Z">
      <class name="com.dbutility.DBJaws">
        <test-method status="PASS" signature="dbConnection()[pri:0, instance:com.dbutility.DBJaws@fa4c865]" name="dbConnection" duration-ms="808" started-at="2022-11-27T08:23:10Z" finished-at="2022-11-27T08:23:10Z">
          <reporter-output>
          </reporter-output>
        </test-method> <!-- dbConnection -->
      </class> <!-- com.dbutility.DBJaws -->
    </test> <!-- Default test -->
  </suite> <!-- Default suite -->
</testng-results>
